<?xml version="1.0" encoding="UTF-8"?>
<!-- Generated by org.testng.reporters.JUnitReportReporter -->
<testsuite hostname="DESKTOP-0B6VQD5" failures="0" tests="3" name="com.ap.qa.testcases.LoginPageTest" time="95.633" errors="0" timestamp="04 Mar 2019 15:05:42 GMT" skipped="0">
  <testcase classname="com.ap.qa.testcases.LoginPageTest" name="LoginPageTitleTest" time="40.155"/>
  <testcase classname="com.ap.qa.testcases.LoginPageTest" name="Login_User" time="37.870"/>
  <testcase classname="com.ap.qa.testcases.LoginPageTest" name="verify_User" time="17.608"/>
</testsuite> <!-- com.ap.qa.testcases.LoginPageTest -->
