<?xml version="1.0" encoding="UTF-8"?>
<!-- Generated by org.testng.reporters.JUnitReportReporter -->
<testsuite skipped="0" hostname="DESKTOP-0B6VQD5" name="com.ap.qa.testcases.Sample" tests="1" failures="0" timestamp="10 Feb 2019 17:22:30 GMT" time="12.523" errors="0">
  <testcase name="f" time="12.523" classname="com.ap.qa.testcases.Sample"/>
</testsuite> <!-- com.ap.qa.testcases.Sample -->
